<?xml version="1.0" encoding="UTF-8"?>
<testng-results ignored="2" total="3" passed="1" failed="0" skipped="0">
  <reporter-output>
  </reporter-output>
  <suite started-at="2025-03-13T18:27:22 IST" name="Default suite" finished-at="2025-03-13T18:27:27 IST" duration-ms="4897">
    <groups>
      <group name="System">
        <method signature="PatientBatchTest.patientInfoCheckTest()[pri:0, instance:com.camcast.HMS.patient.PatientBatchTest@38d8f54a]" name="patientInfoCheckTest" class="com.camcast.HMS.patient.PatientBatchTest"/>
      </group> <!-- System -->
    </groups>
    <test started-at="2025-03-13T18:27:22 IST" name="Default test" finished-at="2025-03-13T18:27:27 IST" duration-ms="4897">
      <class name="com.camcast.HMS.patient.PatientBatchTest">
        <test-method is-config="true" signature="configBS()[pri:0, instance:com.camcast.HMS.patient.PatientBatchTest@38d8f54a]" started-at="2025-03-13T18:27:22 IST" name="configBS" finished-at="2025-03-13T18:27:22 IST" duration-ms="201" status="PASS">
          <reporter-output>
          </reporter-output>
        </test-method> <!-- configBS -->
        <test-method is-config="true" signature="configBC(java.lang.String)[pri:0, instance:com.camcast.HMS.patient.PatientBatchTest@38d8f54a]" started-at="2025-03-13T18:27:22 IST" name="configBC" finished-at="2025-03-13T18:27:25 IST" duration-ms="2444" status="PASS">
          <params>
            <param index="0">
              <value>
                <![CDATA[BROWSER]]>
              </value>
            </param>
          </params>
          <reporter-output>
          </reporter-output>
        </test-method> <!-- configBC -->
        <test-method is-config="true" signature="configBM()[pri:0, instance:com.camcast.HMS.patient.PatientBatchTest@38d8f54a]" started-at="2025-03-13T18:27:25 IST" name="configBM" finished-at="2025-03-13T18:27:26 IST" duration-ms="1455" status="PASS">
          <reporter-output>
          </reporter-output>
        </test-method> <!-- configBM -->
        <test-method signature="patientInfoCheckTest()[pri:0, instance:com.camcast.HMS.patient.PatientBatchTest@38d8f54a]" started-at="2025-03-13T18:27:26 IST" name="patientInfoCheckTest" finished-at="2025-03-13T18:27:27 IST" duration-ms="656" status="PASS">
          <reporter-output>
          </reporter-output>
        </test-method> <!-- patientInfoCheckTest -->
        <test-method is-config="true" signature="configAM()[pri:0, instance:com.camcast.HMS.patient.PatientBatchTest@38d8f54a]" started-at="2025-03-13T18:27:27 IST" name="configAM" finished-at="2025-03-13T18:27:27 IST" duration-ms="1" status="PASS">
          <reporter-output>
          </reporter-output>
        </test-method> <!-- configAM -->
        <test-method is-config="true" signature="configAC()[pri:0, instance:com.camcast.HMS.patient.PatientBatchTest@38d8f54a]" started-at="2025-03-13T18:27:27 IST" name="configAC" finished-at="2025-03-13T18:27:27 IST" duration-ms="315" status="PASS">
          <reporter-output>
          </reporter-output>
        </test-method> <!-- configAC -->
        <test-method is-config="true" signature="configAS()[pri:0, instance:com.camcast.HMS.patient.PatientBatchTest@38d8f54a]" started-at="2025-03-13T18:27:27 IST" name="configAS" finished-at="2025-03-13T18:27:27 IST" duration-ms="6" status="PASS">
          <reporter-output>
          </reporter-output>
        </test-method> <!-- configAS -->
      </class> <!-- com.camcast.HMS.patient.PatientBatchTest -->
    </test> <!-- Default test -->
  </suite> <!-- Default suite -->
</testng-results>
