<?xml version="1.0" encoding="UTF-8"?>
<!-- Generated by org.testng.reporters.JUnitXMLReporter -->
<testsuite ignored="2" hostname="INBOOK_X2_PLUS" failures="0" tests="0" name="Test Runner - Edge" time="5.196" errors="0" timestamp="2025-03-14T17:24:07 IST">
  <testcase classname="com.csatcast.HMS.BaseTest.BaseClass" name="@AfterSuite configAS" time="0.0">
    <ignored/>
  </testcase> <!-- @AfterSuite configAS -->
  <testcase classname="com.csatcast.HMS.BaseTest.BaseClass" name="@BeforeSuite configBS" time="0.0">
    <ignored/>
  </testcase> <!-- @BeforeSuite configBS -->
</testsuite> <!-- Test Runner - Edge -->
