<?xml version="1.0" encoding="UTF-8"?>
<!-- Generated by org.testng.reporters.JUnitXMLReporter -->
<testsuite ignored="4" hostname="INBOOK_X2_PLUS" failures="0" tests="7" name="TestRunner-Edge" time="47.421" errors="0" timestamp="2025-03-12T17:47:45 IST">
  <testcase classname="com.camcast.HMS.patient.PatientBatchTestNew" name="createPatientAndAdmittTest" time="12.916"/>
  <testcase classname="com.camcast.HMS.patient.PatientBatchTestNew" name="patientInfoCheckTest" time="0.469"/>
  <testcase classname="com.camcast.HMS.patient.PatientBatchTestNew" name="patientOPDdocDetailsTest" time="2.949"/>
  <testcase classname="com.comcast.HMS.staff.CreateStaffAndVerifyTestNew" name="createDocAndVerifyTestNew" time="8.139"/>
  <testcase classname="com.comcast.HMS.staff.CreateStaffAndVerifyTestNew" name="staffActiveMemberTestNew" time="1.622"/>
  <testcase classname="com.comcast.HMS.invoice.InvoicePatientBatchTestNew" name="allADmitPatientInvoTestNew" time="4.127"/>
  <testcase classname="com.comcast.HMS.invoice.InvoicePatientBatchTestNew" name="patientOPDInvoMakeTestNew" time="1.977"/>
  <testcase classname="com.csatcast.HMS.BaseTest.BaseClass" name="@BeforeSuite configBS" time="0.0">
    <ignored/>
  </testcase> <!-- @BeforeSuite configBS -->
  <testcase classname="com.csatcast.HMS.BaseTest.BaseClass" name="@AfterSuite configAS" time="0.0">
    <ignored/>
  </testcase> <!-- @AfterSuite configAS -->
  <testcase classname="com.csatcast.HMS.BaseTest.BaseClass" name="@AfterSuite configAS" time="0.0">
    <ignored/>
  </testcase> <!-- @AfterSuite configAS -->
  <testcase classname="com.csatcast.HMS.BaseTest.BaseClass" name="@BeforeSuite configBS" time="0.0">
    <ignored/>
  </testcase> <!-- @BeforeSuite configBS -->
</testsuite> <!-- TestRunner-Edge -->
