<?xml version="1.0" encoding="UTF-8"?>
<!-- Generated by org.testng.reporters.JUnitXMLReporter -->
<testsuite ignored="2" hostname="INBOOK_X2_PLUS" failures="0" tests="1" name="Default test" time="4.897" errors="0" timestamp="2025-03-13T18:27:27 IST">
  <testcase classname="com.camcast.HMS.patient.PatientBatchTest" name="patientInfoCheckTest" time="0.656"/>
  <testcase classname="com.camcast.HMS.patient.PatientBatchTest" name="createPatientAndAdmittTest" time="0.0">
    <ignored/>
  </testcase> <!-- createPatientAndAdmittTest -->
  <testcase classname="com.camcast.HMS.patient.PatientBatchTest" name="patientOPDdocDetailsTest" time="0.0">
    <ignored/>
  </testcase> <!-- patientOPDdocDetailsTest -->
</testsuite> <!-- Default test -->
